# JRE version: OpenJDK Runtime Environment (8.0_152-b06) (build 1.8.0_152-release-1136-b06)
# Java VM: OpenJDK 64-Bit Server VM (25.152-b06 mixed mode windows-amd64 compressed oops)
Heap:
 PSYoungGen      total 455168K, used 113668K [0x00000000e0000000, 0x0000000100000000, 0x0000000100000000)
  eden space 386048K, 11% used [0x00000000e0000000,0x00000000e2b880a0,0x00000000f7900000)
  from space 69120K, 99% used [0x00000000f7900000,0x00000000fbc792b8,0x00000000fbc80000)
  to   space 69120K, 0% used [0x00000000fbc80000,0x00000000fbc80000,0x0000000100000000)
 ParOldGen       total 356352K, used 96099K [0x00000000a0000000, 0x00000000b5c00000, 0x00000000e0000000)
  object space 356352K, 26% used [0x00000000a0000000,0x00000000a5dd8df8,0x00000000b5c00000)
 Metaspace       used 100811K, capacity 107424K, committed 108440K, reserved 1144832K
  class space    used 12508K, capacity 13721K, committed 14000K, reserved 1048576K
GC Heap History (10 events):
Event: 7014.500 GC heap before
{Heap before GC invocations=41 (full 4):
 PSYoungGen      total 441344K, used 437396K [0x00000000e0000000, 0x00000000fd680000, 0x0000000100000000)
  eden space 408064K, 100% used [0x00000000e0000000,0x00000000f8e80000,0x00000000f8e80000)
  from space 33280K, 88% used [0x00000000fb200000,0x00000000fcea51e0,0x00000000fd280000)
  to   space 36352K, 0% used [0x00000000f8e80000,0x00000000f8e80000,0x00000000fb200000)
 ParOldGen       total 356352K, used 58073K [0x00000000a0000000, 0x00000000b5c00000, 0x00000000e0000000)
  object space 356352K, 16% used [0x00000000a0000000,0x00000000a38b64e0,0x00000000b5c00000)
 Metaspace       used 100274K, capacity 106876K, committed 107928K, reserved 1142784K
  class space    used 12480K, capacity 13679K, committed 14000K, reserved 1048576K
Event: 7014.530 GC heap after
Heap after GC invocations=41 (full 4):
 PSYoungGen      total 444416K, used 32246K [0x00000000e0000000, 0x00000000ff800000, 0x0000000100000000)
  eden space 408064K, 0% used [0x00000000e0000000,0x00000000e0000000,0x00000000f8e80000)
  from space 36352K, 88% used [0x00000000f8e80000,0x00000000fadfd940,0x00000000fb200000)
  to   space 40448K, 0% used [0x00000000fd080000,0x00000000fd080000,0x00000000ff800000)
 ParOldGen       total 356352K, used 58073K [0x00000000a0000000, 0x00000000b5c00000, 0x00000000e0000000)
  object space 356352K, 16% used [0x00000000a0000000,0x00000000a38b64e0,0x00000000b5c00000)
 Metaspace       used 100274K, capacity 106876K, committed 107928K, reserved 1142784K
  class space    used 12480K, capacity 13679K, committed 14000K, reserved 1048576K
}
Event: 7015.946 GC heap before
{Heap before GC invocations=42 (full 4):
 PSYoungGen      total 444416K, used 440310K [0x00000000e0000000, 0x00000000ff800000, 0x0000000100000000)
  eden space 408064K, 100% used [0x00000000e0000000,0x00000000f8e80000,0x00000000f8e80000)
  from space 36352K, 88% used [0x00000000f8e80000,0x00000000fadfd940,0x00000000fb200000)
  to   space 40448K, 0% used [0x00000000fd080000,0x00000000fd080000,0x00000000ff800000)
 ParOldGen       total 356352K, used 58073K [0x00000000a0000000, 0x00000000b5c00000, 0x00000000e0000000)
  object space 356352K, 16% used [0x00000000a0000000,0x00000000a38b64e0,0x00000000b5c00000)
 Metaspace       used 100478K, capacity 107112K, committed 108184K, reserved 1142784K
  class space    used 12503K, capacity 13713K, committed 14000K, reserved 1048576K
Event: 7015.982 GC heap after
Heap after GC invocations=42 (full 4):
 PSYoungGen      total 467968K, used 40437K [0x00000000e0000000, 0x0000000100000000, 0x0000000100000000)
  eden space 427520K, 0% used [0x00000000e0000000,0x00000000e0000000,0x00000000fa180000)
  from space 40448K, 99% used [0x00000000fd080000,0x00000000ff7fd478,0x00000000ff800000)
  to   space 48128K, 0% used [0x00000000fa180000,0x00000000fa180000,0x00000000fd080000)
 ParOldGen       total 356352K, used 62815K [0x00000000a0000000, 0x00000000b5c00000, 0x00000000e0000000)
  object space 356352K, 17% used [0x00000000a0000000,0x00000000a3d57e40,0x00000000b5c00000)
 Metaspace       used 100478K, capacity 107112K, committed 108184K, reserved 1142784K
  class space    used 12503K, capacity 13713K, committed 14000K, reserved 1048576K
}
Event: 7017.380 GC heap before
{Heap before GC invocations=43 (full 4):
 PSYoungGen      total 467968K, used 467957K [0x00000000e0000000, 0x0000000100000000, 0x0000000100000000)
  eden space 427520K, 100% used [0x00000000e0000000,0x00000000fa180000,0x00000000fa180000)
  from space 40448K, 99% used [0x00000000fd080000,0x00000000ff7fd478,0x00000000ff800000)
  to   space 48128K, 0% used [0x00000000fa180000,0x00000000fa180000,0x00000000fd080000)
 ParOldGen       total 356352K, used 62815K [0x00000000a0000000, 0x00000000b5c00000, 0x00000000e0000000)
  object space 356352K, 17% used [0x00000000a0000000,0x00000000a3d57e40,0x00000000b5c00000)
 Metaspace       used 100602K, capacity 107180K, committed 108184K, reserved 1142784K
  class space    used 12503K, capacity 13713K, committed 14000K, reserved 1048576K
Event: 7017.403 GC heap after
Heap after GC invocations=43 (full 4):
 PSYoungGen      total 470528K, used 42536K [0x00000000e0000000, 0x0000000100000000, 0x0000000100000000)
  eden space 427520K, 0% used [0x00000000e0000000,0x00000000e0000000,0x00000000fa180000)
  from space 43008K, 98% used [0x00000000fa180000,0x00000000fcb0a1e8,0x00000000fcb80000)
  to   space 53248K, 0% used [0x00000000fcc00000,0x00000000fcc00000,0x0000000100000000)
 ParOldGen       total 356352K, used 62823K [0x00000000a0000000, 0x00000000b5c00000, 0x00000000e0000000)
  object space 356352K, 17% used [0x00000000a0000000,0x00000000a3d59e40,0x00000000b5c00000)
 Metaspace       used 100602K, capacity 107180K, committed 108184K, reserved 1142784K
  class space    used 12503K, capacity 13713K, committed 14000K, reserved 1048576K
}
Event: 7019.753 GC heap before
{Heap before GC invocations=44 (full 4):
 PSYoungGen      total 470528K, used 470056K [0x00000000e0000000, 0x0000000100000000, 0x0000000100000000)
  eden space 427520K, 100% used [0x00000000e0000000,0x00000000fa180000,0x00000000fa180000)
  from space 43008K, 98% used [0x00000000fa180000,0x00000000fcb0a1e8,0x00000000fcb80000)
  to   space 53248K, 0% used [0x00000000fcc00000,0x00000000fcc00000,0x0000000100000000)
 ParOldGen       total 356352K, used 62823K [0x00000000a0000000, 0x00000000b5c00000, 0x00000000e0000000)
  object space 356352K, 17% used [0x00000000a0000000,0x00000000a3d59e40,0x00000000b5c00000)
 Metaspace       used 100658K, capacity 107248K, committed 108440K, reserved 1144832K
  class space    used 12503K, capacity 13713K, committed 14000K, reserved 1048576K
Event: 7019.786 GC heap after
Heap after GC invocations=44 (full 4):
 PSYoungGen      total 439296K, used 53238K [0x00000000e0000000, 0x0000000100000000, 0x0000000100000000)
  eden space 386048K, 0% used [0x00000000e0000000,0x00000000e0000000,0x00000000f7900000)
  from space 53248K, 99% used [0x00000000fcc00000,0x00000000ffffdb10,0x0000000100000000)
  to   space 69120K, 0% used [0x00000000f7900000,0x00000000f7900000,0x00000000fbc80000)
 ParOldGen       total 356352K, used 83377K [0x00000000a0000000, 0x00000000b5c00000, 0x00000000e0000000)
  object space 356352K, 23% used [0x00000000a0000000,0x00000000a516c4f0,0x00000000b5c00000)
 Metaspace       used 100658K, capacity 107248K, committed 108440K, reserved 1144832K
  class space    used 12503K, capacity 13713K, committed 14000K, reserved 1048576K
}
Event: 7065.585 GC heap before
{Heap before GC invocations=45 (full 4):
 PSYoungGen      total 439296K, used 439286K [0x00000000e0000000, 0x0000000100000000, 0x0000000100000000)
  eden space 386048K, 100% used [0x00000000e0000000,0x00000000f7900000,0x00000000f7900000)
  from space 53248K, 99% used [0x00000000fcc00000,0x00000000ffffdb10,0x0000000100000000)
  to   space 69120K, 0% used [0x00000000f7900000,0x00000000f7900000,0x00000000fbc80000)
 ParOldGen       total 356352K, used 83377K [0x00000000a0000000, 0x00000000b5c00000, 0x00000000e0000000)
  object space 356352K, 23% used [0x00000000a0000000,0x00000000a516c4f0,0x00000000b5c00000)
 Metaspace       used 100758K, capacity 107418K, committed 108440K, reserved 1144832K
  class space    used 12507K, capacity 13720K, committed 14000K, reserved 1048576K
Event: 7065.632 GC heap after
Heap after GC invocations=45 (full 4):
 PSYoungGen      total 455168K, used 69092K [0x00000000e0000000, 0x0000000100000000, 0x0000000100000000)
  eden space 386048K, 0% used [0x00000000e0000000,0x00000000e0000000,0x00000000f7900000)
  from space 69120K, 99% used [0x00000000f7900000,0x00000000fbc792b8,0x00000000fbc80000)
  to   space 69120K, 0% used [0x00000000fbc80000,0x00000000fbc80000,0x0000000100000000)
 ParOldGen       total 356352K, used 96099K [0x00000000a0000000, 0x00000000b5c00000, 0x00000000e0000000)
  object space 356352K, 26% used [0x00000000a0000000,0x00000000a5dd8df8,0x00000000b5c00000)
 Metaspace       used 100758K, capacity 107418K, committed 108440K, reserved 1144832K
  class space    used 12507K, capacity 13720K, committed 14000K, reserved 1048576K
}

