# JRE version: OpenJDK Runtime Environment (8.0_152-b06) (build 1.8.0_152-release-1136-b06)
# Java VM: OpenJDK 64-Bit Server VM (25.152-b06 mixed mode windows-amd64 compressed oops)
Heap:
 PSYoungGen      total 196608K, used 122457K [0x00000000e0000000, 0x00000000ee780000, 0x0000000100000000)
  eden space 181760K, 59% used [0x00000000e0000000,0x00000000e698e418,0x00000000eb180000)
  from space 14848K, 96% used [0x00000000eb480000,0x00000000ec288060,0x00000000ec300000)
  to   space 27648K, 0% used [0x00000000ecc80000,0x00000000ecc80000,0x00000000ee780000)
 ParOldGen       total 441344K, used 168190K [0x00000000a0000000, 0x00000000baf00000, 0x00000000e0000000)
  object space 441344K, 38% used [0x00000000a0000000,0x00000000aa43f9b8,0x00000000baf00000)
 Metaspace       used 185362K, capacity 193888K, committed 194068K, reserved 1220608K
  class space    used 21930K, capacity 23559K, committed 23612K, reserved 1048576K
GC Heap History (10 events):
Event: 13879.572 GC heap before
{Heap before GC invocations=88 (full 5):
 PSYoungGen      total 222720K, used 208737K [0x00000000e0000000, 0x00000000ef880000, 0x0000000100000000)
  eden space 200192K, 100% used [0x00000000e0000000,0x00000000ec380000,0x00000000ec380000)
  from space 22528K, 37% used [0x00000000ee280000,0x00000000eead86e0,0x00000000ef880000)
  to   space 27136K, 0% used [0x00000000ec380000,0x00000000ec380000,0x00000000ede00000)
 ParOldGen       total 441344K, used 164041K [0x00000000a0000000, 0x00000000baf00000, 0x00000000e0000000)
  object space 441344K, 37% used [0x00000000a0000000,0x00000000aa032468,0x00000000baf00000)
 Metaspace       used 184170K, capacity 192104K, committed 192276K, reserved 1218560K
  class space    used 21795K, capacity 23286K, committed 23356K, reserved 1048576K
Event: 13879.585 GC heap after
Heap after GC invocations=88 (full 5):
 PSYoungGen      total 208384K, used 11459K [0x00000000e0000000, 0x00000000ef200000, 0x0000000100000000)
  eden space 196608K, 0% used [0x00000000e0000000,0x00000000e0000000,0x00000000ec000000)
  from space 11776K, 97% used [0x00000000ec380000,0x00000000eceb0db0,0x00000000ecf00000)
  to   space 25600K, 0% used [0x00000000ed900000,0x00000000ed900000,0x00000000ef200000)
 ParOldGen       total 441344K, used 164089K [0x00000000a0000000, 0x00000000baf00000, 0x00000000e0000000)
  object space 441344K, 37% used [0x00000000a0000000,0x00000000aa03e468,0x00000000baf00000)
 Metaspace       used 184170K, capacity 192104K, committed 192276K, reserved 1218560K
  class space    used 21795K, capacity 23286K, committed 23356K, reserved 1048576K
}
Event: 16245.518 GC heap before
{Heap before GC invocations=89 (full 5):
 PSYoungGen      total 208384K, used 208067K [0x00000000e0000000, 0x00000000ef200000, 0x0000000100000000)
  eden space 196608K, 100% used [0x00000000e0000000,0x00000000ec000000,0x00000000ec000000)
  from space 11776K, 97% used [0x00000000ec380000,0x00000000eceb0db0,0x00000000ecf00000)
  to   space 25600K, 0% used [0x00000000ed900000,0x00000000ed900000,0x00000000ef200000)
 ParOldGen       total 441344K, used 164089K [0x00000000a0000000, 0x00000000baf00000, 0x00000000e0000000)
  object space 441344K, 37% used [0x00000000a0000000,0x00000000aa03e468,0x00000000baf00000)
 Metaspace       used 184252K, capacity 192232K, committed 192532K, reserved 1218560K
  class space    used 21801K, capacity 23286K, committed 23356K, reserved 1048576K
Event: 16245.527 GC heap after
Heap after GC invocations=89 (full 5):
 PSYoungGen      total 214016K, used 8583K [0x00000000e0000000, 0x00000000eed80000, 0x0000000100000000)
  eden space 193024K, 0% used [0x00000000e0000000,0x00000000e0000000,0x00000000ebc80000)
  from space 20992K, 40% used [0x00000000ed900000,0x00000000ee161f08,0x00000000eed80000)
  to   space 25088K, 0% used [0x00000000ebc80000,0x00000000ebc80000,0x00000000ed500000)
 ParOldGen       total 441344K, used 164153K [0x00000000a0000000, 0x00000000baf00000, 0x00000000e0000000)
  object space 441344K, 37% used [0x00000000a0000000,0x00000000aa04e480,0x00000000baf00000)
 Metaspace       used 184252K, capacity 192232K, committed 192532K, reserved 1218560K
  class space    used 21801K, capacity 23286K, committed 23356K, reserved 1048576K
}
Event: 16518.829 GC heap before
{Heap before GC invocations=90 (full 5):
 PSYoungGen      total 214016K, used 201607K [0x00000000e0000000, 0x00000000eed80000, 0x0000000100000000)
  eden space 193024K, 100% used [0x00000000e0000000,0x00000000ebc80000,0x00000000ebc80000)
  from space 20992K, 40% used [0x00000000ed900000,0x00000000ee161f08,0x00000000eed80000)
  to   space 25088K, 0% used [0x00000000ebc80000,0x00000000ebc80000,0x00000000ed500000)
 ParOldGen       total 441344K, used 164153K [0x00000000a0000000, 0x00000000baf00000, 0x00000000e0000000)
  object space 441344K, 37% used [0x00000000a0000000,0x00000000aa04e480,0x00000000baf00000)
 Metaspace       used 184723K, capacity 193004K, committed 193172K, reserved 1218560K
  class space    used 21854K, capacity 23427K, committed 23484K, reserved 1048576K
Event: 16518.836 GC heap after
Heap after GC invocations=90 (full 5):
 PSYoungGen      total 199168K, used 9570K [0x00000000e0000000, 0x00000000ee800000, 0x0000000100000000)
  eden space 189440K, 0% used [0x00000000e0000000,0x00000000e0000000,0x00000000eb900000)
  from space 9728K, 98% used [0x00000000ebc80000,0x00000000ec5d8b20,0x00000000ec600000)
  to   space 24064K, 0% used [0x00000000ed080000,0x00000000ed080000,0x00000000ee800000)
 ParOldGen       total 441344K, used 164169K [0x00000000a0000000, 0x00000000baf00000, 0x00000000e0000000)
  object space 441344K, 37% used [0x00000000a0000000,0x00000000aa052480,0x00000000baf00000)
 Metaspace       used 184723K, capacity 193004K, committed 193172K, reserved 1218560K
  class space    used 21854K, capacity 23427K, committed 23484K, reserved 1048576K
}
Event: 16524.415 GC heap before
{Heap before GC invocations=91 (full 5):
 PSYoungGen      total 199168K, used 199010K [0x00000000e0000000, 0x00000000ee800000, 0x0000000100000000)
  eden space 189440K, 100% used [0x00000000e0000000,0x00000000eb900000,0x00000000eb900000)
  from space 9728K, 98% used [0x00000000ebc80000,0x00000000ec5d8b20,0x00000000ec600000)
  to   space 24064K, 0% used [0x00000000ed080000,0x00000000ed080000,0x00000000ee800000)
 ParOldGen       total 441344K, used 164169K [0x00000000a0000000, 0x00000000baf00000, 0x00000000e0000000)
  object space 441344K, 37% used [0x00000000a0000000,0x00000000aa052480,0x00000000baf00000)
 Metaspace       used 185284K, capacity 193824K, committed 194068K, reserved 1220608K
  class space    used 21930K, capacity 23559K, committed 23612K, reserved 1048576K
Event: 16524.427 GC heap after
Heap after GC invocations=91 (full 5):
 PSYoungGen      total 208896K, used 24057K [0x00000000e0000000, 0x00000000eee00000, 0x0000000100000000)
  eden space 184832K, 0% used [0x00000000e0000000,0x00000000e0000000,0x00000000eb480000)
  from space 24064K, 99% used [0x00000000ed080000,0x00000000ee7fe6b0,0x00000000ee800000)
  to   space 28672K, 0% used [0x00000000eb480000,0x00000000eb480000,0x00000000ed080000)
 ParOldGen       total 441344K, used 168090K [0x00000000a0000000, 0x00000000baf00000, 0x00000000e0000000)
  object space 441344K, 38% used [0x00000000a0000000,0x00000000aa426988,0x00000000baf00000)
 Metaspace       used 185284K, capacity 193824K, committed 194068K, reserved 1220608K
  class space    used 21930K, capacity 23559K, committed 23612K, reserved 1048576K
}
Event: 17363.849 GC heap before
{Heap before GC invocations=92 (full 5):
 PSYoungGen      total 208896K, used 208889K [0x00000000e0000000, 0x00000000eee00000, 0x0000000100000000)
  eden space 184832K, 100% used [0x00000000e0000000,0x00000000eb480000,0x00000000eb480000)
  from space 24064K, 99% used [0x00000000ed080000,0x00000000ee7fe6b0,0x00000000ee800000)
  to   space 28672K, 0% used [0x00000000eb480000,0x00000000eb480000,0x00000000ed080000)
 ParOldGen       total 441344K, used 168090K [0x00000000a0000000, 0x00000000baf00000, 0x00000000e0000000)
  object space 441344K, 38% used [0x00000000a0000000,0x00000000aa426988,0x00000000baf00000)
 Metaspace       used 185338K, capacity 193824K, committed 194068K, reserved 1220608K
  class space    used 21930K, capacity 23559K, committed 23612K, reserved 1048576K
Event: 17363.859 GC heap after
Heap after GC invocations=92 (full 5):
 PSYoungGen      total 196608K, used 14368K [0x00000000e0000000, 0x00000000ee780000, 0x0000000100000000)
  eden space 181760K, 0% used [0x00000000e0000000,0x00000000e0000000,0x00000000eb180000)
  from space 14848K, 96% used [0x00000000eb480000,0x00000000ec288060,0x00000000ec300000)
  to   space 27648K, 0% used [0x00000000ecc80000,0x00000000ecc80000,0x00000000ee780000)
 ParOldGen       total 441344K, used 168190K [0x00000000a0000000, 0x00000000baf00000, 0x00000000e0000000)
  object space 441344K, 38% used [0x00000000a0000000,0x00000000aa43f9b8,0x00000000baf00000)
 Metaspace       used 185338K, capacity 193824K, committed 194068K, reserved 1220608K
  class space    used 21930K, capacity 23559K, committed 23612K, reserved 1048576K
}

